<?xml version="1.0" encoding="UTF-8"?>
<!-- Generated by org.testng.reporters.JUnitXMLReporter -->
<testsuite ignored="0" hostname="DIPPU" failures="0" tests="3" name="Default test" time="0.1" errors="0" timestamp="2024-03-08T19:04:21 IST">
  <testcase classname="TestNG_Parameter.testNG_1.DataDrivenTesting" name="flipcart" time="0.01"/>
  <testcase classname="TestNG_Parameter.testNG_1.DataDrivenTesting" name="flipcart" time="0.002"/>
  <testcase classname="TestNG_Parameter.testNG_1.DataDrivenTesting" name="flipcart" time="0.004"/>
</testsuite> <!-- Default test -->
